This file contains any messages produced by compilers while
running configure, to aid debugging if configure makes a mistake.

It was created by configure, which was
generated by GNU Autoconf 2.69.  Invocation command line was

  $ ./configure --disable-option-checking --prefix=/usr/local --cache-file=/dev/null --srcdir=.

## --------- ##
## Platform. ##
## --------- ##

hostname = Tsukasa.local
uname -m = x86_64
uname -r = 18.2.0
uname -s = Darwin
uname -v = Darwin Kernel Version 18.2.0: Mon Nov 12 20:24:46 PST 2018; root:xnu-4903.231.4~2/RELEASE_X86_64

/usr/bin/uname -p = i386
/bin/uname -X     = unknown

/bin/arch              = unknown
/usr/bin/arch -k       = unknown
/usr/convex/getsysinfo = unknown
/usr/bin/hostinfo      = Mach kernel version:
	 Darwin Kernel Version 18.2.0: Mon Nov 12 20:24:46 PST 2018; root:xnu-4903.231.4~2/RELEASE_X86_64
Kernel configured for up to 4 processors.
2 processors are physically available.
4 processors are logically available.
Processor type: x86_64h (Intel x86-64h Haswell)
Processors active: 0 1 2 3
Primary memory available: 8.00 gigabytes
Default processor set: 340 tasks, 1261 threads, 4 processors
Load average: 3.04, Mach factor: 1.17
/bin/machine           = unknown
/usr/bin/oslevel       = unknown
/bin/universe          = unknown

PATH: /opt/local/bin
PATH: /opt/local/sbin
PATH: /Users/tsukasa1260/google-cloud-sdk/bin
PATH: /usr/local/bin
PATH: /usr/bin
PATH: /bin
PATH: /usr/sbin
PATH: /sbin
PATH: /Library/TeX/texbin
PATH: /usr/local/share/dotnet
PATH: /opt/X11/bin
PATH: /Applications/Xamarin Workbooks.app/Contents/SharedSupport/path-bin


## ----------- ##
## Core tests. ##
## ----------- ##

configure:2349: checking build system type
configure:2363: result: i386-apple-darwin18.2.0
configure:2383: checking host system type
configure:2396: result: i386-apple-darwin18.2.0
configure:2417: checking host specific optimization flag
configure:2426: result: no
configure:2482: checking for gcc
configure:2498: found /usr/bin/gcc
configure:2509: result: gcc
configure:2738: checking for C compiler version
configure:2747: gcc --version >&5
Apple LLVM version 10.0.0 (clang-1000.11.45.5)
Target: x86_64-apple-darwin18.2.0
Thread model: posix
InstalledDir: /Applications/Xcode.app/Contents/Developer/Toolchains/XcodeDefault.xctoolchain/usr/bin
Configured with: --prefix=/Applications/Xcode.app/Contents/Developer/usr --with-gxx-include-dir=/usr/include/c++/4.2.1
configure:2758: $? = 0
configure:2747: gcc -v >&5
Configured with: --prefix=/Applications/Xcode.app/Contents/Developer/usr --with-gxx-include-dir=/usr/include/c++/4.2.1
Apple LLVM version 10.0.0 (clang-1000.11.45.5)
Target: x86_64-apple-darwin18.2.0
Thread model: posix
InstalledDir: /Applications/Xcode.app/Contents/Developer/Toolchains/XcodeDefault.xctoolchain/usr/bin
configure:2758: $? = 0
configure:2747: gcc -V >&5
clang: error: argument to '-V' is missing (expected 1 value)
clang: error: no input files
configure:2758: $? = 1
configure:2747: gcc -qversion >&5
clang: error: unknown argument: '-qversion'
clang: error: no input files
configure:2758: $? = 1
configure:2778: checking whether the C compiler works
configure:2800: gcc    conftest.c  >&5
configure:2804: $? = 0
configure:2852: result: yes
configure:2855: checking for C compiler default output file name
configure:2857: result: a.out
configure:2863: checking for suffix of executables
configure:2870: gcc -o conftest    conftest.c  >&5
configure:2874: $? = 0
configure:2896: result: 
configure:2918: checking whether we are cross compiling
configure:2926: gcc -o conftest    conftest.c  >&5
configure:2930: $? = 0
configure:2937: ./conftest
configure:2941: $? = 0
configure:2956: result: no
configure:2961: checking for suffix of object files
configure:2983: gcc -c   conftest.c >&5
configure:2987: $? = 0
configure:3008: result: o
configure:3012: checking whether we are using the GNU C compiler
configure:3031: gcc -c   conftest.c >&5
configure:3031: $? = 0
configure:3040: result: yes
configure:3049: checking whether gcc accepts -g
configure:3069: gcc -c -g  conftest.c >&5
configure:3069: $? = 0
configure:3110: result: yes
configure:3127: checking for gcc option to accept ISO C89
configure:3190: gcc  -c -g -O2  conftest.c >&5
configure:3190: $? = 0
configure:3203: result: none needed
configure:3228: checking how to run the C preprocessor
configure:3259: gcc -E  conftest.c
configure:3259: $? = 0
configure:3273: gcc -E  conftest.c
conftest.c:13:10: fatal error: 'ac_nonexistent.h' file not found
#include <ac_nonexistent.h>
         ^~~~~~~~~~~~~~~~~~
1 error generated.
configure:3273: $? = 1
configure: failed program was:
| /* confdefs.h */
| #define PACKAGE_NAME ""
| #define PACKAGE_TARNAME ""
| #define PACKAGE_VERSION ""
| #define PACKAGE_STRING ""
| #define PACKAGE_BUGREPORT ""
| #define PACKAGE_URL ""
| #define USE_ADDLOG_ARRAY 1
| #define CLASS_NGRAM 1
| #define MFCC_SINCOS_TABLE 1
| #define USE_MBR 1
| /* end confdefs.h.  */
| #include <ac_nonexistent.h>
configure:3298: result: gcc -E
configure:3318: gcc -E  conftest.c
configure:3318: $? = 0
configure:3332: gcc -E  conftest.c
conftest.c:13:10: fatal error: 'ac_nonexistent.h' file not found
#include <ac_nonexistent.h>
         ^~~~~~~~~~~~~~~~~~
1 error generated.
configure:3332: $? = 1
configure: failed program was:
| /* confdefs.h */
| #define PACKAGE_NAME ""
| #define PACKAGE_TARNAME ""
| #define PACKAGE_VERSION ""
| #define PACKAGE_STRING ""
| #define PACKAGE_BUGREPORT ""
| #define PACKAGE_URL ""
| #define USE_ADDLOG_ARRAY 1
| #define CLASS_NGRAM 1
| #define MFCC_SINCOS_TABLE 1
| #define USE_MBR 1
| /* end confdefs.h.  */
| #include <ac_nonexistent.h>
configure:3374: checking for SIMD FMA instruction
configure:3389: gcc -c -g -O2  conftest.c >&5
conftest.c:18:27: error: always_inline function '_mm256_fmadd_ps' requires target feature 'xsave', but would be inlined into function 'main' that is compiled without support for 'xsave'
__m256 v1, v2; __m256 x = _mm256_fmadd_ps(v1, v2, x);
                          ^
1 error generated.
configure:3389: $? = 1
configure: failed program was:
| /* confdefs.h */
| #define PACKAGE_NAME ""
| #define PACKAGE_TARNAME ""
| #define PACKAGE_VERSION ""
| #define PACKAGE_STRING ""
| #define PACKAGE_BUGREPORT ""
| #define PACKAGE_URL ""
| #define USE_ADDLOG_ARRAY 1
| #define CLASS_NGRAM 1
| #define MFCC_SINCOS_TABLE 1
| #define USE_MBR 1
| /* end confdefs.h.  */
| #include <immintrin.h>
| 
| int
| main ()
| {
| __m256 v1, v2; __m256 x = _mm256_fmadd_ps(v1, v2, x);
|   ;
|   return 0;
| }
configure:3395: result: no
configure:3401: checking for SIMD FMA instruction with -mfma
configure:3417: gcc -c -g -O2 -mfma  conftest.c >&5
configure:3417: $? = 0
configure:3418: result: yes
configure:3435: checking for SIMD AVX instruction
configure:3449: gcc -c -g -O2  conftest.c >&5
conftest.c:19:12: error: always_inline function '_mm256_setzero_ps' requires target feature 'xsave', but would be inlined into function 'main' that is compiled without support for 'xsave'
__m256 v = _mm256_setzero_ps();
           ^
1 error generated.
configure:3449: $? = 1
configure: failed program was:
| /* confdefs.h */
| #define PACKAGE_NAME ""
| #define PACKAGE_TARNAME ""
| #define PACKAGE_VERSION ""
| #define PACKAGE_STRING ""
| #define PACKAGE_BUGREPORT ""
| #define PACKAGE_URL ""
| #define USE_ADDLOG_ARRAY 1
| #define CLASS_NGRAM 1
| #define MFCC_SINCOS_TABLE 1
| #define USE_MBR 1
| #define HAS_SIMD_FMA 1
| /* end confdefs.h.  */
| #include <immintrin.h>
| 
| int
| main ()
| {
| __m256 v = _mm256_setzero_ps();
|   ;
|   return 0;
| }
configure:3455: result: no
configure:3461: checking for SIMD AVX instruction with -mavx
configure:3477: gcc -c -g -O2 -mavx  conftest.c >&5
configure:3477: $? = 0
configure:3478: result: yes
configure:3495: checking for SIMD SSE instruction
configure:3509: gcc -c -g -O2  conftest.c >&5
configure:3509: $? = 0
configure:3510: result: yes
configure:3696: checking for gcc option to support OpenMP
configure:3711: gcc -o conftest -g -O2   conftest.c  >&5
conftest.c:18:2: error: unknown type name 'choke'
 choke me
 ^
conftest.c:20:10: fatal error: 'omp.h' file not found
#include <omp.h>
         ^~~~~~~
2 errors generated.
configure:3711: $? = 1
configure: failed program was:
| /* confdefs.h */
| #define PACKAGE_NAME ""
| #define PACKAGE_TARNAME ""
| #define PACKAGE_VERSION ""
| #define PACKAGE_STRING ""
| #define PACKAGE_BUGREPORT ""
| #define PACKAGE_URL ""
| #define USE_ADDLOG_ARRAY 1
| #define CLASS_NGRAM 1
| #define MFCC_SINCOS_TABLE 1
| #define USE_MBR 1
| #define HAS_SIMD_FMA 1
| #define HAS_SIMD_AVX 1
| #define HAS_SIMD_SSE 1
| /* end confdefs.h.  */
| 
| #ifndef _OPENMP
|  choke me
| #endif
| #include <omp.h>
| int main () { return omp_get_num_threads (); }
| 
configure:3729: gcc -o conftest -g -O2 -fopenmp   conftest.c  >&5
clang: error: unsupported option '-fopenmp'
clang: error: unsupported option '-fopenmp'
configure:3729: $? = 1
configure: failed program was:
| /* confdefs.h */
| #define PACKAGE_NAME ""
| #define PACKAGE_TARNAME ""
| #define PACKAGE_VERSION ""
| #define PACKAGE_STRING ""
| #define PACKAGE_BUGREPORT ""
| #define PACKAGE_URL ""
| #define USE_ADDLOG_ARRAY 1
| #define CLASS_NGRAM 1
| #define MFCC_SINCOS_TABLE 1
| #define USE_MBR 1
| #define HAS_SIMD_FMA 1
| #define HAS_SIMD_AVX 1
| #define HAS_SIMD_SSE 1
| /* end confdefs.h.  */
| 
| #ifndef _OPENMP
|  choke me
| #endif
| #include <omp.h>
| int main () { return omp_get_num_threads (); }
| 
configure:3729: gcc -o conftest -g -O2 -xopenmp   conftest.c  >&5
clang: error: language not recognized: 'openmp'
configure:3729: $? = 1
configure: failed program was:
| /* confdefs.h */
| #define PACKAGE_NAME ""
| #define PACKAGE_TARNAME ""
| #define PACKAGE_VERSION ""
| #define PACKAGE_STRING ""
| #define PACKAGE_BUGREPORT ""
| #define PACKAGE_URL ""
| #define USE_ADDLOG_ARRAY 1
| #define CLASS_NGRAM 1
| #define MFCC_SINCOS_TABLE 1
| #define USE_MBR 1
| #define HAS_SIMD_FMA 1
| #define HAS_SIMD_AVX 1
| #define HAS_SIMD_SSE 1
| /* end confdefs.h.  */
| 
| #ifndef _OPENMP
|  choke me
| #endif
| #include <omp.h>
| int main () { return omp_get_num_threads (); }
| 
configure:3729: gcc -o conftest -g -O2 -openmp   conftest.c  >&5
conftest.c:18:2: error: unknown type name 'choke'
 choke me
 ^
conftest.c:20:10: fatal error: 'omp.h' file not found
#include <omp.h>
         ^~~~~~~
2 errors generated.
configure:3729: $? = 1
configure: failed program was:
| /* confdefs.h */
| #define PACKAGE_NAME ""
| #define PACKAGE_TARNAME ""
| #define PACKAGE_VERSION ""
| #define PACKAGE_STRING ""
| #define PACKAGE_BUGREPORT ""
| #define PACKAGE_URL ""
| #define USE_ADDLOG_ARRAY 1
| #define CLASS_NGRAM 1
| #define MFCC_SINCOS_TABLE 1
| #define USE_MBR 1
| #define HAS_SIMD_FMA 1
| #define HAS_SIMD_AVX 1
| #define HAS_SIMD_SSE 1
| /* end confdefs.h.  */
| 
| #ifndef _OPENMP
|  choke me
| #endif
| #include <omp.h>
| int main () { return omp_get_num_threads (); }
| 
configure:3729: gcc -o conftest -g -O2 -mp   conftest.c  >&5
clang: error: unknown argument: '-mp'
configure:3729: $? = 1
configure: failed program was:
| /* confdefs.h */
| #define PACKAGE_NAME ""
| #define PACKAGE_TARNAME ""
| #define PACKAGE_VERSION ""
| #define PACKAGE_STRING ""
| #define PACKAGE_BUGREPORT ""
| #define PACKAGE_URL ""
| #define USE_ADDLOG_ARRAY 1
| #define CLASS_NGRAM 1
| #define MFCC_SINCOS_TABLE 1
| #define USE_MBR 1
| #define HAS_SIMD_FMA 1
| #define HAS_SIMD_AVX 1
| #define HAS_SIMD_SSE 1
| /* end confdefs.h.  */
| 
| #ifndef _OPENMP
|  choke me
| #endif
| #include <omp.h>
| int main () { return omp_get_num_threads (); }
| 
configure:3729: gcc -o conftest -g -O2 -omp   conftest.c  >&5
conftest.c:18:2: error: unknown type name 'choke'
 choke me
 ^
conftest.c:20:10: fatal error: 'omp.h' file not found
#include <omp.h>
         ^~~~~~~
2 errors generated.
configure:3729: $? = 1
configure: failed program was:
| /* confdefs.h */
| #define PACKAGE_NAME ""
| #define PACKAGE_TARNAME ""
| #define PACKAGE_VERSION ""
| #define PACKAGE_STRING ""
| #define PACKAGE_BUGREPORT ""
| #define PACKAGE_URL ""
| #define USE_ADDLOG_ARRAY 1
| #define CLASS_NGRAM 1
| #define MFCC_SINCOS_TABLE 1
| #define USE_MBR 1
| #define HAS_SIMD_FMA 1
| #define HAS_SIMD_AVX 1
| #define HAS_SIMD_SSE 1
| /* end confdefs.h.  */
| 
| #ifndef _OPENMP
|  choke me
| #endif
| #include <omp.h>
| int main () { return omp_get_num_threads (); }
| 
configure:3729: gcc -o conftest -g -O2 -qsmp=omp   conftest.c  >&5
clang: error: unknown argument: '-qsmp=omp'
configure:3729: $? = 1
configure: failed program was:
| /* confdefs.h */
| #define PACKAGE_NAME ""
| #define PACKAGE_TARNAME ""
| #define PACKAGE_VERSION ""
| #define PACKAGE_STRING ""
| #define PACKAGE_BUGREPORT ""
| #define PACKAGE_URL ""
| #define USE_ADDLOG_ARRAY 1
| #define CLASS_NGRAM 1
| #define MFCC_SINCOS_TABLE 1
| #define USE_MBR 1
| #define HAS_SIMD_FMA 1
| #define HAS_SIMD_AVX 1
| #define HAS_SIMD_SSE 1
| /* end confdefs.h.  */
| 
| #ifndef _OPENMP
|  choke me
| #endif
| #include <omp.h>
| int main () { return omp_get_num_threads (); }
| 
configure:3729: gcc -o conftest -g -O2 -homp   conftest.c  >&5
clang: error: unknown argument: '-homp'
configure:3729: $? = 1
configure: failed program was:
| /* confdefs.h */
| #define PACKAGE_NAME ""
| #define PACKAGE_TARNAME ""
| #define PACKAGE_VERSION ""
| #define PACKAGE_STRING ""
| #define PACKAGE_BUGREPORT ""
| #define PACKAGE_URL ""
| #define USE_ADDLOG_ARRAY 1
| #define CLASS_NGRAM 1
| #define MFCC_SINCOS_TABLE 1
| #define USE_MBR 1
| #define HAS_SIMD_FMA 1
| #define HAS_SIMD_AVX 1
| #define HAS_SIMD_SSE 1
| /* end confdefs.h.  */
| 
| #ifndef _OPENMP
|  choke me
| #endif
| #include <omp.h>
| int main () { return omp_get_num_threads (); }
| 
configure:3729: gcc -o conftest -g -O2 -Popenmp   conftest.c  >&5
clang: error: unknown argument: '-Popenmp'
configure:3729: $? = 1
configure: failed program was:
| /* confdefs.h */
| #define PACKAGE_NAME ""
| #define PACKAGE_TARNAME ""
| #define PACKAGE_VERSION ""
| #define PACKAGE_STRING ""
| #define PACKAGE_BUGREPORT ""
| #define PACKAGE_URL ""
| #define USE_ADDLOG_ARRAY 1
| #define CLASS_NGRAM 1
| #define MFCC_SINCOS_TABLE 1
| #define USE_MBR 1
| #define HAS_SIMD_FMA 1
| #define HAS_SIMD_AVX 1
| #define HAS_SIMD_SSE 1
| /* end confdefs.h.  */
| 
| #ifndef _OPENMP
|  choke me
| #endif
| #include <omp.h>
| int main () { return omp_get_num_threads (); }
| 
configure:3729: gcc -o conftest -g -O2 --openmp   conftest.c  >&5
clang: error: unsupported option '--openmp'
configure:3729: $? = 1
configure: failed program was:
| /* confdefs.h */
| #define PACKAGE_NAME ""
| #define PACKAGE_TARNAME ""
| #define PACKAGE_VERSION ""
| #define PACKAGE_STRING ""
| #define PACKAGE_BUGREPORT ""
| #define PACKAGE_URL ""
| #define USE_ADDLOG_ARRAY 1
| #define CLASS_NGRAM 1
| #define MFCC_SINCOS_TABLE 1
| #define USE_MBR 1
| #define HAS_SIMD_FMA 1
| #define HAS_SIMD_AVX 1
| #define HAS_SIMD_SSE 1
| /* end confdefs.h.  */
| 
| #ifndef _OPENMP
|  choke me
| #endif
| #include <omp.h>
| int main () { return omp_get_num_threads (); }
| 
configure:3743: result: unsupported
configure:3769: checking for a BSD-compatible install
configure:3837: result: /usr/bin/install -c
configure:3850: checking for rm
configure:3868: found /bin/rm
configure:3880: result: /bin/rm
configure:3931: checking for ranlib
configure:3947: found /usr/bin/ranlib
configure:3958: result: ranlib
configure:4033: checking for ar
configure:4049: found /usr/bin/ar
configure:4060: result: ar
configure:4086: checking the archiver (ar) interface
configure:4102: gcc -c -g -O2  conftest.c >&5
configure:4102: $? = 0
configure:4104: ar cru libconftest.a conftest.o >&5
configure:4107: $? = 0
configure:4135: result: ar
configure:4164: checking for grep that handles long lines and -e
configure:4222: result: /usr/bin/grep
configure:4227: checking for egrep
configure:4289: result: /usr/bin/grep -E
configure:4294: checking for ANSI C header files
configure:4314: gcc -c -g -O2  conftest.c >&5
configure:4314: $? = 0
configure:4387: gcc -o conftest -g -O2   conftest.c  >&5
configure:4387: $? = 0
configure:4387: ./conftest
configure:4387: $? = 0
configure:4398: result: yes
configure:4411: checking for sys/types.h
configure:4411: gcc -c -g -O2  conftest.c >&5
configure:4411: $? = 0
configure:4411: result: yes
configure:4411: checking for sys/stat.h
configure:4411: gcc -c -g -O2  conftest.c >&5
configure:4411: $? = 0
configure:4411: result: yes
configure:4411: checking for stdlib.h
configure:4411: gcc -c -g -O2  conftest.c >&5
configure:4411: $? = 0
configure:4411: result: yes
configure:4411: checking for string.h
configure:4411: gcc -c -g -O2  conftest.c >&5
configure:4411: $? = 0
configure:4411: result: yes
configure:4411: checking for memory.h
configure:4411: gcc -c -g -O2  conftest.c >&5
configure:4411: $? = 0
configure:4411: result: yes
configure:4411: checking for strings.h
configure:4411: gcc -c -g -O2  conftest.c >&5
configure:4411: $? = 0
configure:4411: result: yes
configure:4411: checking for inttypes.h
configure:4411: gcc -c -g -O2  conftest.c >&5
configure:4411: $? = 0
configure:4411: result: yes
configure:4411: checking for stdint.h
configure:4411: gcc -c -g -O2  conftest.c >&5
configure:4411: $? = 0
configure:4411: result: yes
configure:4411: checking for unistd.h
configure:4411: gcc -c -g -O2  conftest.c >&5
configure:4411: $? = 0
configure:4411: result: yes
configure:4425: checking for unistd.h
configure:4425: result: yes
configure:4436: checking whether byte ordering is bigendian
configure:4451: gcc -c -g -O2  conftest.c >&5
configure:4451: $? = 0
configure:4496: gcc -c -g -O2  conftest.c >&5
configure:4496: $? = 0
configure:4514: gcc -c -g -O2  conftest.c >&5
conftest.c:34:4: error: use of undeclared identifier 'not'
                 not big endian
                 ^
1 error generated.
configure:4514: $? = 1
configure: failed program was:
| /* confdefs.h */
| #define PACKAGE_NAME ""
| #define PACKAGE_TARNAME ""
| #define PACKAGE_VERSION ""
| #define PACKAGE_STRING ""
| #define PACKAGE_BUGREPORT ""
| #define PACKAGE_URL ""
| #define USE_ADDLOG_ARRAY 1
| #define CLASS_NGRAM 1
| #define MFCC_SINCOS_TABLE 1
| #define USE_MBR 1
| #define HAS_SIMD_FMA 1
| #define HAS_SIMD_AVX 1
| #define HAS_SIMD_SSE 1
| #define STDC_HEADERS 1
| #define HAVE_SYS_TYPES_H 1
| #define HAVE_SYS_STAT_H 1
| #define HAVE_STDLIB_H 1
| #define HAVE_STRING_H 1
| #define HAVE_MEMORY_H 1
| #define HAVE_STRINGS_H 1
| #define HAVE_INTTYPES_H 1
| #define HAVE_STDINT_H 1
| #define HAVE_UNISTD_H 1
| #define HAVE_UNISTD_H 1
| /* end confdefs.h.  */
| #include <sys/types.h>
| 		#include <sys/param.h>
| 
| int
| main ()
| {
| #if BYTE_ORDER != BIG_ENDIAN
| 		 not big endian
| 		#endif
| 
|   ;
|   return 0;
| }
configure:4642: result: no
configure:4660: checking for an ANSI C-conforming const
configure:4726: gcc -c -g -O2  conftest.c >&5
configure:4726: $? = 0
configure:4733: result: yes
configure:4741: checking for socklen_t
configure:4756: gcc -c -g -O2  conftest.c >&5
configure:4756: $? = 0
configure:4759: result: yes
configure:4767: checking for gethostbyname
configure:4767: gcc -o conftest -g -O2   conftest.c  >&5
configure:4767: $? = 0
configure:4767: result: yes
configure:4818: checking for connect
configure:4818: gcc -o conftest -g -O2   conftest.c  >&5
configure:4818: $? = 0
configure:4818: result: yes
configure:4904: checking for strcasecmp
configure:4904: gcc -o conftest -g -O2   conftest.c  >&5
conftest.c:51:6: warning: incompatible redeclaration of library function 'strcasecmp' [-Wincompatible-library-redeclaration]
char strcasecmp ();
     ^
conftest.c:51:6: note: 'strcasecmp' is a builtin with type 'int (const char *, const char *)'
1 warning generated.
configure:4904: $? = 0
configure:4904: result: yes
configure:4915: checking for sleep
configure:4915: gcc -o conftest -g -O2   conftest.c  >&5
configure:4915: $? = 0
configure:4915: result: yes
configure:4936: checking alsa/asoundlib.h usability
configure:4936: gcc -c -g -O2  conftest.c >&5
conftest.c:63:10: fatal error: 'alsa/asoundlib.h' file not found
#include <alsa/asoundlib.h>
         ^~~~~~~~~~~~~~~~~~
1 error generated.
configure:4936: $? = 1
configure: failed program was:
| /* confdefs.h */
| #define PACKAGE_NAME ""
| #define PACKAGE_TARNAME ""
| #define PACKAGE_VERSION ""
| #define PACKAGE_STRING ""
| #define PACKAGE_BUGREPORT ""
| #define PACKAGE_URL ""
| #define USE_ADDLOG_ARRAY 1
| #define CLASS_NGRAM 1
| #define MFCC_SINCOS_TABLE 1
| #define USE_MBR 1
| #define HAS_SIMD_FMA 1
| #define HAS_SIMD_AVX 1
| #define HAS_SIMD_SSE 1
| #define STDC_HEADERS 1
| #define HAVE_SYS_TYPES_H 1
| #define HAVE_SYS_STAT_H 1
| #define HAVE_STDLIB_H 1
| #define HAVE_STRING_H 1
| #define HAVE_MEMORY_H 1
| #define HAVE_STRINGS_H 1
| #define HAVE_INTTYPES_H 1
| #define HAVE_STDINT_H 1
| #define HAVE_UNISTD_H 1
| #define HAVE_UNISTD_H 1
| #define HAVE_SOCKLEN_T 1
| #define HAVE_STRCASECMP 1
| #define HAVE_SLEEP 1
| /* end confdefs.h.  */
| #include <stdio.h>
| #ifdef HAVE_SYS_TYPES_H
| # include <sys/types.h>
| #endif
| #ifdef HAVE_SYS_STAT_H
| # include <sys/stat.h>
| #endif
| #ifdef STDC_HEADERS
| # include <stdlib.h>
| # include <stddef.h>
| #else
| # ifdef HAVE_STDLIB_H
| #  include <stdlib.h>
| # endif
| #endif
| #ifdef HAVE_STRING_H
| # if !defined STDC_HEADERS && defined HAVE_MEMORY_H
| #  include <memory.h>
| # endif
| # include <string.h>
| #endif
| #ifdef HAVE_STRINGS_H
| # include <strings.h>
| #endif
| #ifdef HAVE_INTTYPES_H
| # include <inttypes.h>
| #endif
| #ifdef HAVE_STDINT_H
| # include <stdint.h>
| #endif
| #ifdef HAVE_UNISTD_H
| # include <unistd.h>
| #endif
| #include <alsa/asoundlib.h>
configure:4936: result: no
configure:4936: checking alsa/asoundlib.h presence
configure:4936: gcc -E  conftest.c
conftest.c:30:10: fatal error: 'alsa/asoundlib.h' file not found
#include <alsa/asoundlib.h>
         ^~~~~~~~~~~~~~~~~~
1 error generated.
configure:4936: $? = 1
configure: failed program was:
| /* confdefs.h */
| #define PACKAGE_NAME ""
| #define PACKAGE_TARNAME ""
| #define PACKAGE_VERSION ""
| #define PACKAGE_STRING ""
| #define PACKAGE_BUGREPORT ""
| #define PACKAGE_URL ""
| #define USE_ADDLOG_ARRAY 1
| #define CLASS_NGRAM 1
| #define MFCC_SINCOS_TABLE 1
| #define USE_MBR 1
| #define HAS_SIMD_FMA 1
| #define HAS_SIMD_AVX 1
| #define HAS_SIMD_SSE 1
| #define STDC_HEADERS 1
| #define HAVE_SYS_TYPES_H 1
| #define HAVE_SYS_STAT_H 1
| #define HAVE_STDLIB_H 1
| #define HAVE_STRING_H 1
| #define HAVE_MEMORY_H 1
| #define HAVE_STRINGS_H 1
| #define HAVE_INTTYPES_H 1
| #define HAVE_STDINT_H 1
| #define HAVE_UNISTD_H 1
| #define HAVE_UNISTD_H 1
| #define HAVE_SOCKLEN_T 1
| #define HAVE_STRCASECMP 1
| #define HAVE_SLEEP 1
| /* end confdefs.h.  */
| #include <alsa/asoundlib.h>
configure:4936: result: no
configure:4936: checking for alsa/asoundlib.h
configure:4936: result: no
configure:4945: checking sys/asoundlib.h usability
configure:4945: gcc -c -g -O2  conftest.c >&5
conftest.c:63:10: fatal error: 'sys/asoundlib.h' file not found
#include <sys/asoundlib.h>
         ^~~~~~~~~~~~~~~~~
1 error generated.
configure:4945: $? = 1
configure: failed program was:
| /* confdefs.h */
| #define PACKAGE_NAME ""
| #define PACKAGE_TARNAME ""
| #define PACKAGE_VERSION ""
| #define PACKAGE_STRING ""
| #define PACKAGE_BUGREPORT ""
| #define PACKAGE_URL ""
| #define USE_ADDLOG_ARRAY 1
| #define CLASS_NGRAM 1
| #define MFCC_SINCOS_TABLE 1
| #define USE_MBR 1
| #define HAS_SIMD_FMA 1
| #define HAS_SIMD_AVX 1
| #define HAS_SIMD_SSE 1
| #define STDC_HEADERS 1
| #define HAVE_SYS_TYPES_H 1
| #define HAVE_SYS_STAT_H 1
| #define HAVE_STDLIB_H 1
| #define HAVE_STRING_H 1
| #define HAVE_MEMORY_H 1
| #define HAVE_STRINGS_H 1
| #define HAVE_INTTYPES_H 1
| #define HAVE_STDINT_H 1
| #define HAVE_UNISTD_H 1
| #define HAVE_UNISTD_H 1
| #define HAVE_SOCKLEN_T 1
| #define HAVE_STRCASECMP 1
| #define HAVE_SLEEP 1
| /* end confdefs.h.  */
| #include <stdio.h>
| #ifdef HAVE_SYS_TYPES_H
| # include <sys/types.h>
| #endif
| #ifdef HAVE_SYS_STAT_H
| # include <sys/stat.h>
| #endif
| #ifdef STDC_HEADERS
| # include <stdlib.h>
| # include <stddef.h>
| #else
| # ifdef HAVE_STDLIB_H
| #  include <stdlib.h>
| # endif
| #endif
| #ifdef HAVE_STRING_H
| # if !defined STDC_HEADERS && defined HAVE_MEMORY_H
| #  include <memory.h>
| # endif
| # include <string.h>
| #endif
| #ifdef HAVE_STRINGS_H
| # include <strings.h>
| #endif
| #ifdef HAVE_INTTYPES_H
| # include <inttypes.h>
| #endif
| #ifdef HAVE_STDINT_H
| # include <stdint.h>
| #endif
| #ifdef HAVE_UNISTD_H
| # include <unistd.h>
| #endif
| #include <sys/asoundlib.h>
configure:4945: result: no
configure:4945: checking sys/asoundlib.h presence
configure:4945: gcc -E  conftest.c
conftest.c:30:10: fatal error: 'sys/asoundlib.h' file not found
#include <sys/asoundlib.h>
         ^~~~~~~~~~~~~~~~~
1 error generated.
configure:4945: $? = 1
configure: failed program was:
| /* confdefs.h */
| #define PACKAGE_NAME ""
| #define PACKAGE_TARNAME ""
| #define PACKAGE_VERSION ""
| #define PACKAGE_STRING ""
| #define PACKAGE_BUGREPORT ""
| #define PACKAGE_URL ""
| #define USE_ADDLOG_ARRAY 1
| #define CLASS_NGRAM 1
| #define MFCC_SINCOS_TABLE 1
| #define USE_MBR 1
| #define HAS_SIMD_FMA 1
| #define HAS_SIMD_AVX 1
| #define HAS_SIMD_SSE 1
| #define STDC_HEADERS 1
| #define HAVE_SYS_TYPES_H 1
| #define HAVE_SYS_STAT_H 1
| #define HAVE_STDLIB_H 1
| #define HAVE_STRING_H 1
| #define HAVE_MEMORY_H 1
| #define HAVE_STRINGS_H 1
| #define HAVE_INTTYPES_H 1
| #define HAVE_STDINT_H 1
| #define HAVE_UNISTD_H 1
| #define HAVE_UNISTD_H 1
| #define HAVE_SOCKLEN_T 1
| #define HAVE_STRCASECMP 1
| #define HAVE_SLEEP 1
| /* end confdefs.h.  */
| #include <sys/asoundlib.h>
configure:4945: result: no
configure:4945: checking for sys/asoundlib.h
configure:4945: result: no
configure:4966: checking sys/soundcard.h usability
configure:4966: gcc -c -g -O2  conftest.c >&5
conftest.c:63:10: fatal error: 'sys/soundcard.h' file not found
#include <sys/soundcard.h>
         ^~~~~~~~~~~~~~~~~
1 error generated.
configure:4966: $? = 1
configure: failed program was:
| /* confdefs.h */
| #define PACKAGE_NAME ""
| #define PACKAGE_TARNAME ""
| #define PACKAGE_VERSION ""
| #define PACKAGE_STRING ""
| #define PACKAGE_BUGREPORT ""
| #define PACKAGE_URL ""
| #define USE_ADDLOG_ARRAY 1
| #define CLASS_NGRAM 1
| #define MFCC_SINCOS_TABLE 1
| #define USE_MBR 1
| #define HAS_SIMD_FMA 1
| #define HAS_SIMD_AVX 1
| #define HAS_SIMD_SSE 1
| #define STDC_HEADERS 1
| #define HAVE_SYS_TYPES_H 1
| #define HAVE_SYS_STAT_H 1
| #define HAVE_STDLIB_H 1
| #define HAVE_STRING_H 1
| #define HAVE_MEMORY_H 1
| #define HAVE_STRINGS_H 1
| #define HAVE_INTTYPES_H 1
| #define HAVE_STDINT_H 1
| #define HAVE_UNISTD_H 1
| #define HAVE_UNISTD_H 1
| #define HAVE_SOCKLEN_T 1
| #define HAVE_STRCASECMP 1
| #define HAVE_SLEEP 1
| /* end confdefs.h.  */
| #include <stdio.h>
| #ifdef HAVE_SYS_TYPES_H
| # include <sys/types.h>
| #endif
| #ifdef HAVE_SYS_STAT_H
| # include <sys/stat.h>
| #endif
| #ifdef STDC_HEADERS
| # include <stdlib.h>
| # include <stddef.h>
| #else
| # ifdef HAVE_STDLIB_H
| #  include <stdlib.h>
| # endif
| #endif
| #ifdef HAVE_STRING_H
| # if !defined STDC_HEADERS && defined HAVE_MEMORY_H
| #  include <memory.h>
| # endif
| # include <string.h>
| #endif
| #ifdef HAVE_STRINGS_H
| # include <strings.h>
| #endif
| #ifdef HAVE_INTTYPES_H
| # include <inttypes.h>
| #endif
| #ifdef HAVE_STDINT_H
| # include <stdint.h>
| #endif
| #ifdef HAVE_UNISTD_H
| # include <unistd.h>
| #endif
| #include <sys/soundcard.h>
configure:4966: result: no
configure:4966: checking sys/soundcard.h presence
configure:4966: gcc -E  conftest.c
conftest.c:30:10: fatal error: 'sys/soundcard.h' file not found
#include <sys/soundcard.h>
         ^~~~~~~~~~~~~~~~~
1 error generated.
configure:4966: $? = 1
configure: failed program was:
| /* confdefs.h */
| #define PACKAGE_NAME ""
| #define PACKAGE_TARNAME ""
| #define PACKAGE_VERSION ""
| #define PACKAGE_STRING ""
| #define PACKAGE_BUGREPORT ""
| #define PACKAGE_URL ""
| #define USE_ADDLOG_ARRAY 1
| #define CLASS_NGRAM 1
| #define MFCC_SINCOS_TABLE 1
| #define USE_MBR 1
| #define HAS_SIMD_FMA 1
| #define HAS_SIMD_AVX 1
| #define HAS_SIMD_SSE 1
| #define STDC_HEADERS 1
| #define HAVE_SYS_TYPES_H 1
| #define HAVE_SYS_STAT_H 1
| #define HAVE_STDLIB_H 1
| #define HAVE_STRING_H 1
| #define HAVE_MEMORY_H 1
| #define HAVE_STRINGS_H 1
| #define HAVE_INTTYPES_H 1
| #define HAVE_STDINT_H 1
| #define HAVE_UNISTD_H 1
| #define HAVE_UNISTD_H 1
| #define HAVE_SOCKLEN_T 1
| #define HAVE_STRCASECMP 1
| #define HAVE_SLEEP 1
| /* end confdefs.h.  */
| #include <sys/soundcard.h>
configure:4966: result: no
configure:4966: checking for sys/soundcard.h
configure:4966: result: no
configure:4975: checking machine/soundcard.h usability
configure:4975: gcc -c -g -O2  conftest.c >&5
conftest.c:63:10: fatal error: 'machine/soundcard.h' file not found
#include <machine/soundcard.h>
         ^~~~~~~~~~~~~~~~~~~~~
1 error generated.
configure:4975: $? = 1
configure: failed program was:
| /* confdefs.h */
| #define PACKAGE_NAME ""
| #define PACKAGE_TARNAME ""
| #define PACKAGE_VERSION ""
| #define PACKAGE_STRING ""
| #define PACKAGE_BUGREPORT ""
| #define PACKAGE_URL ""
| #define USE_ADDLOG_ARRAY 1
| #define CLASS_NGRAM 1
| #define MFCC_SINCOS_TABLE 1
| #define USE_MBR 1
| #define HAS_SIMD_FMA 1
| #define HAS_SIMD_AVX 1
| #define HAS_SIMD_SSE 1
| #define STDC_HEADERS 1
| #define HAVE_SYS_TYPES_H 1
| #define HAVE_SYS_STAT_H 1
| #define HAVE_STDLIB_H 1
| #define HAVE_STRING_H 1
| #define HAVE_MEMORY_H 1
| #define HAVE_STRINGS_H 1
| #define HAVE_INTTYPES_H 1
| #define HAVE_STDINT_H 1
| #define HAVE_UNISTD_H 1
| #define HAVE_UNISTD_H 1
| #define HAVE_SOCKLEN_T 1
| #define HAVE_STRCASECMP 1
| #define HAVE_SLEEP 1
| /* end confdefs.h.  */
| #include <stdio.h>
| #ifdef HAVE_SYS_TYPES_H
| # include <sys/types.h>
| #endif
| #ifdef HAVE_SYS_STAT_H
| # include <sys/stat.h>
| #endif
| #ifdef STDC_HEADERS
| # include <stdlib.h>
| # include <stddef.h>
| #else
| # ifdef HAVE_STDLIB_H
| #  include <stdlib.h>
| # endif
| #endif
| #ifdef HAVE_STRING_H
| # if !defined STDC_HEADERS && defined HAVE_MEMORY_H
| #  include <memory.h>
| # endif
| # include <string.h>
| #endif
| #ifdef HAVE_STRINGS_H
| # include <strings.h>
| #endif
| #ifdef HAVE_INTTYPES_H
| # include <inttypes.h>
| #endif
| #ifdef HAVE_STDINT_H
| # include <stdint.h>
| #endif
| #ifdef HAVE_UNISTD_H
| # include <unistd.h>
| #endif
| #include <machine/soundcard.h>
configure:4975: result: no
configure:4975: checking machine/soundcard.h presence
configure:4975: gcc -E  conftest.c
conftest.c:30:10: fatal error: 'machine/soundcard.h' file not found
#include <machine/soundcard.h>
         ^~~~~~~~~~~~~~~~~~~~~
1 error generated.
configure:4975: $? = 1
configure: failed program was:
| /* confdefs.h */
| #define PACKAGE_NAME ""
| #define PACKAGE_TARNAME ""
| #define PACKAGE_VERSION ""
| #define PACKAGE_STRING ""
| #define PACKAGE_BUGREPORT ""
| #define PACKAGE_URL ""
| #define USE_ADDLOG_ARRAY 1
| #define CLASS_NGRAM 1
| #define MFCC_SINCOS_TABLE 1
| #define USE_MBR 1
| #define HAS_SIMD_FMA 1
| #define HAS_SIMD_AVX 1
| #define HAS_SIMD_SSE 1
| #define STDC_HEADERS 1
| #define HAVE_SYS_TYPES_H 1
| #define HAVE_SYS_STAT_H 1
| #define HAVE_STDLIB_H 1
| #define HAVE_STRING_H 1
| #define HAVE_MEMORY_H 1
| #define HAVE_STRINGS_H 1
| #define HAVE_INTTYPES_H 1
| #define HAVE_STDINT_H 1
| #define HAVE_UNISTD_H 1
| #define HAVE_UNISTD_H 1
| #define HAVE_SOCKLEN_T 1
| #define HAVE_STRCASECMP 1
| #define HAVE_SLEEP 1
| /* end confdefs.h.  */
| #include <machine/soundcard.h>
configure:4975: result: no
configure:4975: checking for machine/soundcard.h
configure:4975: result: no
configure:4999: checking esd.h usability
configure:4999: gcc -c -g -O2  conftest.c >&5
conftest.c:63:10: fatal error: 'esd.h' file not found
#include <esd.h>
         ^~~~~~~
1 error generated.
configure:4999: $? = 1
configure: failed program was:
| /* confdefs.h */
| #define PACKAGE_NAME ""
| #define PACKAGE_TARNAME ""
| #define PACKAGE_VERSION ""
| #define PACKAGE_STRING ""
| #define PACKAGE_BUGREPORT ""
| #define PACKAGE_URL ""
| #define USE_ADDLOG_ARRAY 1
| #define CLASS_NGRAM 1
| #define MFCC_SINCOS_TABLE 1
| #define USE_MBR 1
| #define HAS_SIMD_FMA 1
| #define HAS_SIMD_AVX 1
| #define HAS_SIMD_SSE 1
| #define STDC_HEADERS 1
| #define HAVE_SYS_TYPES_H 1
| #define HAVE_SYS_STAT_H 1
| #define HAVE_STDLIB_H 1
| #define HAVE_STRING_H 1
| #define HAVE_MEMORY_H 1
| #define HAVE_STRINGS_H 1
| #define HAVE_INTTYPES_H 1
| #define HAVE_STDINT_H 1
| #define HAVE_UNISTD_H 1
| #define HAVE_UNISTD_H 1
| #define HAVE_SOCKLEN_T 1
| #define HAVE_STRCASECMP 1
| #define HAVE_SLEEP 1
| /* end confdefs.h.  */
| #include <stdio.h>
| #ifdef HAVE_SYS_TYPES_H
| # include <sys/types.h>
| #endif
| #ifdef HAVE_SYS_STAT_H
| # include <sys/stat.h>
| #endif
| #ifdef STDC_HEADERS
| # include <stdlib.h>
| # include <stddef.h>
| #else
| # ifdef HAVE_STDLIB_H
| #  include <stdlib.h>
| # endif
| #endif
| #ifdef HAVE_STRING_H
| # if !defined STDC_HEADERS && defined HAVE_MEMORY_H
| #  include <memory.h>
| # endif
| # include <string.h>
| #endif
| #ifdef HAVE_STRINGS_H
| # include <strings.h>
| #endif
| #ifdef HAVE_INTTYPES_H
| # include <inttypes.h>
| #endif
| #ifdef HAVE_STDINT_H
| # include <stdint.h>
| #endif
| #ifdef HAVE_UNISTD_H
| # include <unistd.h>
| #endif
| #include <esd.h>
configure:4999: result: no
configure:4999: checking esd.h presence
configure:4999: gcc -E  conftest.c
conftest.c:30:10: fatal error: 'esd.h' file not found
#include <esd.h>
         ^~~~~~~
1 error generated.
configure:4999: $? = 1
configure: failed program was:
| /* confdefs.h */
| #define PACKAGE_NAME ""
| #define PACKAGE_TARNAME ""
| #define PACKAGE_VERSION ""
| #define PACKAGE_STRING ""
| #define PACKAGE_BUGREPORT ""
| #define PACKAGE_URL ""
| #define USE_ADDLOG_ARRAY 1
| #define CLASS_NGRAM 1
| #define MFCC_SINCOS_TABLE 1
| #define USE_MBR 1
| #define HAS_SIMD_FMA 1
| #define HAS_SIMD_AVX 1
| #define HAS_SIMD_SSE 1
| #define STDC_HEADERS 1
| #define HAVE_SYS_TYPES_H 1
| #define HAVE_SYS_STAT_H 1
| #define HAVE_STDLIB_H 1
| #define HAVE_STRING_H 1
| #define HAVE_MEMORY_H 1
| #define HAVE_STRINGS_H 1
| #define HAVE_INTTYPES_H 1
| #define HAVE_STDINT_H 1
| #define HAVE_UNISTD_H 1
| #define HAVE_UNISTD_H 1
| #define HAVE_SOCKLEN_T 1
| #define HAVE_STRCASECMP 1
| #define HAVE_SLEEP 1
| /* end confdefs.h.  */
| #include <esd.h>
configure:4999: result: no
configure:4999: checking for esd.h
configure:4999: result: no
configure:5014: checking for pa_simple_new in -lpulse-simple
configure:5039: gcc -o conftest -g -O2   conftest.c -lpulse-simple   >&5
ld: library not found for -lpulse-simple
clang: error: linker command failed with exit code 1 (use -v to see invocation)
configure:5039: $? = 1
configure: failed program was:
| /* confdefs.h */
| #define PACKAGE_NAME ""
| #define PACKAGE_TARNAME ""
| #define PACKAGE_VERSION ""
| #define PACKAGE_STRING ""
| #define PACKAGE_BUGREPORT ""
| #define PACKAGE_URL ""
| #define USE_ADDLOG_ARRAY 1
| #define CLASS_NGRAM 1
| #define MFCC_SINCOS_TABLE 1
| #define USE_MBR 1
| #define HAS_SIMD_FMA 1
| #define HAS_SIMD_AVX 1
| #define HAS_SIMD_SSE 1
| #define STDC_HEADERS 1
| #define HAVE_SYS_TYPES_H 1
| #define HAVE_SYS_STAT_H 1
| #define HAVE_STDLIB_H 1
| #define HAVE_STRING_H 1
| #define HAVE_MEMORY_H 1
| #define HAVE_STRINGS_H 1
| #define HAVE_INTTYPES_H 1
| #define HAVE_STDINT_H 1
| #define HAVE_UNISTD_H 1
| #define HAVE_UNISTD_H 1
| #define HAVE_SOCKLEN_T 1
| #define HAVE_STRCASECMP 1
| #define HAVE_SLEEP 1
| /* end confdefs.h.  */
| 
| /* Override any GCC internal prototype to avoid an error.
|    Use char because int might match the return type of a GCC
|    builtin and then its argument prototype would still apply.  */
| #ifdef __cplusplus
| extern "C"
| #endif
| char pa_simple_new ();
| int
| main ()
| {
| return pa_simple_new ();
|   ;
|   return 0;
| }
configure:5048: result: no
configure:5067: checking for default input device type
configure:5101: gcc -E  conftest.c
configure:5101: $? = 0
configure:5148: result: coreaudio
configure:5608: checking for DatLink/NetAudio support
configure:5621: gcc -E  -Iauto/include conftest.c
conftest.c:31:10: fatal error: 'netaudio.h' file not found
#include <netaudio.h>
         ^~~~~~~~~~~~
1 error generated.
configure:5621: $? = 1
configure: failed program was:
| /* confdefs.h */
| #define PACKAGE_NAME ""
| #define PACKAGE_TARNAME ""
| #define PACKAGE_VERSION ""
| #define PACKAGE_STRING ""
| #define PACKAGE_BUGREPORT ""
| #define PACKAGE_URL ""
| #define USE_ADDLOG_ARRAY 1
| #define CLASS_NGRAM 1
| #define MFCC_SINCOS_TABLE 1
| #define USE_MBR 1
| #define HAS_SIMD_FMA 1
| #define HAS_SIMD_AVX 1
| #define HAS_SIMD_SSE 1
| #define STDC_HEADERS 1
| #define HAVE_SYS_TYPES_H 1
| #define HAVE_SYS_STAT_H 1
| #define HAVE_STDLIB_H 1
| #define HAVE_STRING_H 1
| #define HAVE_MEMORY_H 1
| #define HAVE_STRINGS_H 1
| #define HAVE_INTTYPES_H 1
| #define HAVE_STDINT_H 1
| #define HAVE_UNISTD_H 1
| #define HAVE_UNISTD_H 1
| #define HAVE_SOCKLEN_T 1
| #define HAVE_STRCASECMP 1
| #define HAVE_SLEEP 1
| #define USE_MIC 1
| /* end confdefs.h.  */
| #include <netaudio.h>
configure:5631: result: no
configure:5638: checking for deflate in -lz
configure:5663: gcc -o conftest -g -O2   conftest.c -lz   >&5
configure:5663: $? = 0
configure:5672: result: yes
configure:5677: checking zlib.h usability
configure:5677: gcc -c -g -O2  conftest.c >&5
configure:5677: $? = 0
configure:5677: result: yes
configure:5677: checking zlib.h presence
configure:5677: gcc -E  conftest.c
configure:5677: $? = 0
configure:5677: result: yes
configure:5677: checking for zlib.h
configure:5677: result: yes
configure:5756: checking for sf_open in -lsndfile
configure:5781: gcc -o conftest -g -O2   conftest.c -lsndfile   >&5
ld: library not found for -lsndfile
clang: error: linker command failed with exit code 1 (use -v to see invocation)
configure:5781: $? = 1
configure: failed program was:
| /* confdefs.h */
| #define PACKAGE_NAME ""
| #define PACKAGE_TARNAME ""
| #define PACKAGE_VERSION ""
| #define PACKAGE_STRING ""
| #define PACKAGE_BUGREPORT ""
| #define PACKAGE_URL ""
| #define USE_ADDLOG_ARRAY 1
| #define CLASS_NGRAM 1
| #define MFCC_SINCOS_TABLE 1
| #define USE_MBR 1
| #define HAS_SIMD_FMA 1
| #define HAS_SIMD_AVX 1
| #define HAS_SIMD_SSE 1
| #define STDC_HEADERS 1
| #define HAVE_SYS_TYPES_H 1
| #define HAVE_SYS_STAT_H 1
| #define HAVE_STDLIB_H 1
| #define HAVE_STRING_H 1
| #define HAVE_MEMORY_H 1
| #define HAVE_STRINGS_H 1
| #define HAVE_INTTYPES_H 1
| #define HAVE_STDINT_H 1
| #define HAVE_UNISTD_H 1
| #define HAVE_UNISTD_H 1
| #define HAVE_SOCKLEN_T 1
| #define HAVE_STRCASECMP 1
| #define HAVE_SLEEP 1
| #define USE_MIC 1
| #define HAVE_ZLIB_H 1
| #define HAVE_ZLIB 1
| /* end confdefs.h.  */
| 
| /* Override any GCC internal prototype to avoid an error.
|    Use char because int might match the return type of a GCC
|    builtin and then its argument prototype would still apply.  */
| #ifdef __cplusplus
| extern "C"
| #endif
| char sf_open ();
| int
| main ()
| {
| return sf_open ();
|   ;
|   return 0;
| }
configure:5790: result: no
configure:5814: checking for sf_open_read in -lsndfile
configure:5839: gcc -o conftest -g -O2   conftest.c -lsndfile   >&5
ld: library not found for -lsndfile
clang: error: linker command failed with exit code 1 (use -v to see invocation)
configure:5839: $? = 1
configure: failed program was:
| /* confdefs.h */
| #define PACKAGE_NAME ""
| #define PACKAGE_TARNAME ""
| #define PACKAGE_VERSION ""
| #define PACKAGE_STRING ""
| #define PACKAGE_BUGREPORT ""
| #define PACKAGE_URL ""
| #define USE_ADDLOG_ARRAY 1
| #define CLASS_NGRAM 1
| #define MFCC_SINCOS_TABLE 1
| #define USE_MBR 1
| #define HAS_SIMD_FMA 1
| #define HAS_SIMD_AVX 1
| #define HAS_SIMD_SSE 1
| #define STDC_HEADERS 1
| #define HAVE_SYS_TYPES_H 1
| #define HAVE_SYS_STAT_H 1
| #define HAVE_STDLIB_H 1
| #define HAVE_STRING_H 1
| #define HAVE_MEMORY_H 1
| #define HAVE_STRINGS_H 1
| #define HAVE_INTTYPES_H 1
| #define HAVE_STDINT_H 1
| #define HAVE_UNISTD_H 1
| #define HAVE_UNISTD_H 1
| #define HAVE_SOCKLEN_T 1
| #define HAVE_STRCASECMP 1
| #define HAVE_SLEEP 1
| #define USE_MIC 1
| #define HAVE_ZLIB_H 1
| #define HAVE_ZLIB 1
| /* end confdefs.h.  */
| 
| /* Override any GCC internal prototype to avoid an error.
|    Use char because int might match the return type of a GCC
|    builtin and then its argument prototype would still apply.  */
| #ifdef __cplusplus
| extern "C"
| #endif
| char sf_open_read ();
| int
| main ()
| {
| return sf_open_read ();
|   ;
|   return 0;
| }
configure:5848: result: no
configure:5872: WARNING: libsndfile enables AIFF AU SND NIST format for Julius.
It's available at http://www.mega-nerd.com/libsndfile/
configure:6043: creating ./config.status

## ---------------------- ##
## Running config.status. ##
## ---------------------- ##

This file was extended by config.status, which was
generated by GNU Autoconf 2.69.  Invocation command line was

  CONFIG_FILES    = 
  CONFIG_HEADERS  = 
  CONFIG_LINKS    = 
  CONFIG_COMMANDS = 
  $ ./config.status 

on Tsukasa.local

config.status:878: creating Makefile
config.status:878: creating libsent-config
config.status:878: creating libsent-config-dist
config.status:878: creating sent-4.pc
config.status:878: creating include/sent/config.h
config.status:1053: include/sent/config.h is unchanged
config.status:1067: executing default-1 commands

## ---------------- ##
## Cache variables. ##
## ---------------- ##

ac_cv_build=i386-apple-darwin18.2.0
ac_cv_c_bigendian=no
ac_cv_c_compiler_gnu=yes
ac_cv_c_const=yes
ac_cv_env_CC_set=
ac_cv_env_CC_value=
ac_cv_env_CFLAGS_set=
ac_cv_env_CFLAGS_value=
ac_cv_env_CPPFLAGS_set=
ac_cv_env_CPPFLAGS_value=
ac_cv_env_CPP_set=
ac_cv_env_CPP_value=
ac_cv_env_LDFLAGS_set=
ac_cv_env_LDFLAGS_value=
ac_cv_env_LIBS_set=
ac_cv_env_LIBS_value=
ac_cv_env_build_alias_set=
ac_cv_env_build_alias_value=
ac_cv_env_host_alias_set=
ac_cv_env_host_alias_value=
ac_cv_env_target_alias_set=
ac_cv_env_target_alias_value=
ac_cv_func_connect=yes
ac_cv_func_gethostbyname=yes
ac_cv_func_sleep=yes
ac_cv_func_strcasecmp=yes
ac_cv_header_alsa_asoundlib_h=no
ac_cv_header_esd_h=no
ac_cv_header_inttypes_h=yes
ac_cv_header_machine_soundcard_h=no
ac_cv_header_memory_h=yes
ac_cv_header_stdc=yes
ac_cv_header_stdint_h=yes
ac_cv_header_stdlib_h=yes
ac_cv_header_string_h=yes
ac_cv_header_strings_h=yes
ac_cv_header_sys_asoundlib_h=no
ac_cv_header_sys_soundcard_h=no
ac_cv_header_sys_stat_h=yes
ac_cv_header_sys_types_h=yes
ac_cv_header_unistd_h=yes
ac_cv_header_zlib_h=yes
ac_cv_host=i386-apple-darwin18.2.0
ac_cv_lib_pulse_simple_pa_simple_new=no
ac_cv_lib_sndfile_sf_open=no
ac_cv_lib_sndfile_sf_open_read=no
ac_cv_lib_z_deflate=yes
ac_cv_objext=o
ac_cv_path_EGREP='/usr/bin/grep -E'
ac_cv_path_GREP=/usr/bin/grep
ac_cv_path_RM=/bin/rm
ac_cv_path_install='/usr/bin/install -c'
ac_cv_prog_CPP='gcc -E'
ac_cv_prog_ac_ct_AR=ar
ac_cv_prog_ac_ct_CC=gcc
ac_cv_prog_ac_ct_RANLIB=ranlib
ac_cv_prog_c_openmp=unsupported
ac_cv_prog_cc_c89=
ac_cv_prog_cc_g=yes
am_cv_ar_interface=ar

## ----------------- ##
## Output variables. ##
## ----------------- ##

AR='ar'
ARFLAGS='cr'
CC='gcc'
CFLAGS='-g -O2'
CPP='gcc -E'
CPPFLAGS=''
DEFS='-DHAVE_CONFIG_H'
ECHO_C='\c'
ECHO_N=''
ECHO_T=''
EGREP='/usr/bin/grep -E'
EXEEXT=''
EXTRALIB=' -lz -liconv'
EXTRAOBJ='  src/adin/adin_mic_darwin_coreaudio.o'
GREP='/usr/bin/grep'
GZIP=''
INSTALL_DATA='${INSTALL} -m 644'
INSTALL_PROGRAM='${INSTALL}'
INSTALL_SCRIPT='${INSTALL}'
LDFLAGS=''
LIBOBJS=''
LIBS=''
LIBSENT_MAJOR_VERSION='4'
LIBSENT_MINOR_VERSION='5'
LIBSENT_VERSION='4.5'
LTLIBOBJS=''
OBJEXT='o'
OPENMP_CFLAGS=''
PACKAGE_BUGREPORT=''
PACKAGE_NAME=''
PACKAGE_STRING=''
PACKAGE_TARNAME=''
PACKAGE_URL=''
PACKAGE_VERSION=''
PATH_SEPARATOR=':'
RANLIB='ranlib'
RM='/bin/rm'
SHELL='/bin/sh'
SIMD_AVX_CFLAGS='-mavx'
SIMD_FMA_CFLAGS='-mfma'
SIMD_NEONV2_CFLAGS=''
SIMD_NEON_CFLAGS=''
SIMD_SSE_CFLAGS=''
SOUNDINC=''
SOUNDLIB=' -Wl,-framework -Wl,CoreServices -Wl,-framework -Wl,CoreAudio -Wl,-framework -Wl,AudioUnit -Wl,-framework -Wl,AudioToolbox'
ac_ct_AR='ar'
ac_ct_CC='gcc'
adinlist=''
aldesc='MacOSX CoreAudio'
altype='coreaudio'
bindir='${exec_prefix}/bin'
build='i386-apple-darwin18.2.0'
build_alias=''
build_cpu='i386'
build_os='darwin18.2.0'
build_vendor='apple'
datadir='${datarootdir}'
datarootdir='${prefix}/share'
docdir='${datarootdir}/doc/${PACKAGE}'
dvidir='${docdir}'
exec_prefix='${prefix}'
gzdesc='zlib library'
host='i386-apple-darwin18.2.0'
host_alias=''
host_cpu='i386'
host_os='darwin18.2.0'
host_vendor='apple'
htmldir='${docdir}'
includedir='${prefix}/include'
infodir='${datarootdir}/info'
libdir='${exec_prefix}/lib'
libexecdir='${exec_prefix}/libexec'
localedir='${datarootdir}/locale'
localstatedir='${prefix}/var'
mandir='${datarootdir}/man'
oldincludedir='/usr/include'
pdfdir='${docdir}'
prefix='/usr/local'
program_transform_name='s,x,x,'
psdir='${docdir}'
runstatedir='${localstatedir}/run'
sbindir='${exec_prefix}/sbin'
sharedstatedir='${prefix}/com'
sysconfdir='${prefix}/etc'
target_alias=''
use_class_ngram='yes'
use_fork='no'
use_netaudio='no'
use_pthread=''
wavefile_support='RAW and WAV only'

## ----------- ##
## confdefs.h. ##
## ----------- ##

/* confdefs.h */
#define PACKAGE_NAME ""
#define PACKAGE_TARNAME ""
#define PACKAGE_VERSION ""
#define PACKAGE_STRING ""
#define PACKAGE_BUGREPORT ""
#define PACKAGE_URL ""
#define USE_ADDLOG_ARRAY 1
#define CLASS_NGRAM 1
#define MFCC_SINCOS_TABLE 1
#define USE_MBR 1
#define HAS_SIMD_FMA 1
#define HAS_SIMD_AVX 1
#define HAS_SIMD_SSE 1
#define STDC_HEADERS 1
#define HAVE_SYS_TYPES_H 1
#define HAVE_SYS_STAT_H 1
#define HAVE_STDLIB_H 1
#define HAVE_STRING_H 1
#define HAVE_MEMORY_H 1
#define HAVE_STRINGS_H 1
#define HAVE_INTTYPES_H 1
#define HAVE_STDINT_H 1
#define HAVE_UNISTD_H 1
#define HAVE_UNISTD_H 1
#define HAVE_SOCKLEN_T 1
#define HAVE_STRCASECMP 1
#define HAVE_SLEEP 1
#define USE_MIC 1
#define HAVE_ZLIB_H 1
#define HAVE_ZLIB 1
#define LIBSENT_VERSION "4.5"
#define AUDIO_API_NAME "coreaudio"
#define AUDIO_API_DESC "MacOSX CoreAudio"
#define AUDIO_FORMAT_DESC "RAW and WAV only"
#define GZIP_READING_DESC "zlib library"

configure: exit 0
