This file contains any messages produced by compilers while
running configure, to aid debugging if configure makes a mistake.

It was created by configure, which was
generated by GNU Autoconf 2.69.  Invocation command line was

  $ ./configure --disable-option-checking --prefix=/usr/local --cache-file=/dev/null --srcdir=.

## --------- ##
## Platform. ##
## --------- ##

hostname = Tsukasa.local
uname -m = x86_64
uname -r = 18.2.0
uname -s = Darwin
uname -v = Darwin Kernel Version 18.2.0: Mon Nov 12 20:24:46 PST 2018; root:xnu-4903.231.4~2/RELEASE_X86_64

/usr/bin/uname -p = i386
/bin/uname -X     = unknown

/bin/arch              = unknown
/usr/bin/arch -k       = unknown
/usr/convex/getsysinfo = unknown
/usr/bin/hostinfo      = Mach kernel version:
	 Darwin Kernel Version 18.2.0: Mon Nov 12 20:24:46 PST 2018; root:xnu-4903.231.4~2/RELEASE_X86_64
Kernel configured for up to 4 processors.
2 processors are physically available.
4 processors are logically available.
Processor type: x86_64h (Intel x86-64h Haswell)
Processors active: 0 1 2 3
Primary memory available: 8.00 gigabytes
Default processor set: 340 tasks, 1262 threads, 4 processors
Load average: 2.29, Mach factor: 1.70
/bin/machine           = unknown
/usr/bin/oslevel       = unknown
/bin/universe          = unknown

PATH: /opt/local/bin
PATH: /opt/local/sbin
PATH: /Users/tsukasa1260/google-cloud-sdk/bin
PATH: /usr/local/bin
PATH: /usr/bin
PATH: /bin
PATH: /usr/sbin
PATH: /sbin
PATH: /Library/TeX/texbin
PATH: /usr/local/share/dotnet
PATH: /opt/X11/bin
PATH: /Applications/Xamarin Workbooks.app/Contents/SharedSupport/path-bin


## ----------- ##
## Core tests. ##
## ----------- ##

configure:2548: checking build system type
configure:2562: result: i386-apple-darwin18.2.0
configure:2582: checking host system type
configure:2595: result: i386-apple-darwin18.2.0
configure:2616: checking host-specific optimization flag
configure:2625: result: no
configure:2681: checking for gcc
configure:2697: found /usr/bin/gcc
configure:2708: result: gcc
configure:2937: checking for C compiler version
configure:2946: gcc --version >&5
Apple LLVM version 10.0.0 (clang-1000.11.45.5)
Target: x86_64-apple-darwin18.2.0
Thread model: posix
InstalledDir: /Applications/Xcode.app/Contents/Developer/Toolchains/XcodeDefault.xctoolchain/usr/bin
Configured with: --prefix=/Applications/Xcode.app/Contents/Developer/usr --with-gxx-include-dir=/usr/include/c++/4.2.1
configure:2957: $? = 0
configure:2946: gcc -v >&5
Configured with: --prefix=/Applications/Xcode.app/Contents/Developer/usr --with-gxx-include-dir=/usr/include/c++/4.2.1
Apple LLVM version 10.0.0 (clang-1000.11.45.5)
Target: x86_64-apple-darwin18.2.0
Thread model: posix
InstalledDir: /Applications/Xcode.app/Contents/Developer/Toolchains/XcodeDefault.xctoolchain/usr/bin
configure:2957: $? = 0
configure:2946: gcc -V >&5
clang: error: argument to '-V' is missing (expected 1 value)
clang: error: no input files
configure:2957: $? = 1
configure:2946: gcc -qversion >&5
clang: error: unknown argument: '-qversion'
clang: error: no input files
configure:2957: $? = 1
configure:2977: checking whether the C compiler works
configure:2999: gcc    conftest.c  >&5
configure:3003: $? = 0
configure:3051: result: yes
configure:3054: checking for C compiler default output file name
configure:3056: result: a.out
configure:3062: checking for suffix of executables
configure:3069: gcc -o conftest    conftest.c  >&5
configure:3073: $? = 0
configure:3095: result: 
configure:3117: checking whether we are cross compiling
configure:3125: gcc -o conftest    conftest.c  >&5
configure:3129: $? = 0
configure:3136: ./conftest
configure:3140: $? = 0
configure:3155: result: no
configure:3160: checking for suffix of object files
configure:3182: gcc -c   conftest.c >&5
configure:3186: $? = 0
configure:3207: result: o
configure:3211: checking whether we are using the GNU C compiler
configure:3230: gcc -c   conftest.c >&5
configure:3230: $? = 0
configure:3239: result: yes
configure:3248: checking whether gcc accepts -g
configure:3268: gcc -c -g  conftest.c >&5
configure:3268: $? = 0
configure:3309: result: yes
configure:3326: checking for gcc option to accept ISO C89
configure:3389: gcc  -c -g -O2  conftest.c >&5
configure:3389: $? = 0
configure:3402: result: none needed
configure:3427: checking how to run the C preprocessor
configure:3458: gcc -E  conftest.c
configure:3458: $? = 0
configure:3472: gcc -E  conftest.c
conftest.c:19:10: fatal error: 'ac_nonexistent.h' file not found
#include <ac_nonexistent.h>
         ^~~~~~~~~~~~~~~~~~
1 error generated.
configure:3472: $? = 1
configure: failed program was:
| /* confdefs.h */
| #define PACKAGE_NAME ""
| #define PACKAGE_TARNAME ""
| #define PACKAGE_VERSION ""
| #define PACKAGE_STRING ""
| #define PACKAGE_BUGREPORT ""
| #define PACKAGE_URL ""
| #define SCAN_BEAM 1
| #define LM_FIX_DOUBLE_SCORING 1
| #define ENABLE_PLUGIN 1
| #define CONFIDENCE_MEASURE 1
| #define GRAPHOUT_DYNAMIC 1
| #define GRAPHOUT_SEARCH 1
| #define UNIGRAM_FACTORING 1
| #define PASS1_IWCD 1
| #define LOWMEM2 1
| #define GPRUNE_DEFAULT_BEAM 1
| /* end confdefs.h.  */
| #include <ac_nonexistent.h>
configure:3497: result: gcc -E
configure:3517: gcc -E  conftest.c
configure:3517: $? = 0
configure:3531: gcc -E  conftest.c
conftest.c:19:10: fatal error: 'ac_nonexistent.h' file not found
#include <ac_nonexistent.h>
         ^~~~~~~~~~~~~~~~~~
1 error generated.
configure:3531: $? = 1
configure: failed program was:
| /* confdefs.h */
| #define PACKAGE_NAME ""
| #define PACKAGE_TARNAME ""
| #define PACKAGE_VERSION ""
| #define PACKAGE_STRING ""
| #define PACKAGE_BUGREPORT ""
| #define PACKAGE_URL ""
| #define SCAN_BEAM 1
| #define LM_FIX_DOUBLE_SCORING 1
| #define ENABLE_PLUGIN 1
| #define CONFIDENCE_MEASURE 1
| #define GRAPHOUT_DYNAMIC 1
| #define GRAPHOUT_SEARCH 1
| #define UNIGRAM_FACTORING 1
| #define PASS1_IWCD 1
| #define LOWMEM2 1
| #define GPRUNE_DEFAULT_BEAM 1
| /* end confdefs.h.  */
| #include <ac_nonexistent.h>
configure:3574: checking for a BSD-compatible install
configure:3642: result: /usr/bin/install -c
configure:3655: checking for rm
configure:3673: found /bin/rm
configure:3685: result: /bin/rm
configure:3736: checking for ranlib
configure:3752: found /usr/bin/ranlib
configure:3763: result: ranlib
configure:3839: checking for ar
configure:3855: found /usr/bin/ar
configure:3866: result: ar
configure:3892: checking the archiver (ar) interface
configure:3908: gcc -c -g -O2  conftest.c >&5
configure:3908: $? = 0
configure:3910: ar cru libconftest.a conftest.o >&5
configure:3913: $? = 0
configure:3941: result: ar
configure:4063: checking the archiver (ar) interface
configure:4112: result: ar
configure:4136: checking for grep that handles long lines and -e
configure:4194: result: /usr/bin/grep
configure:4199: checking for egrep
configure:4261: result: /usr/bin/grep -E
configure:4266: checking for ANSI C header files
configure:4286: gcc -c -g -O2  conftest.c >&5
configure:4286: $? = 0
configure:4359: gcc -o conftest -g -O2   conftest.c  >&5
configure:4359: $? = 0
configure:4359: ./conftest
configure:4359: $? = 0
configure:4370: result: yes
configure:4379: checking for an ANSI C-conforming const
configure:4445: gcc -c -g -O2  conftest.c >&5
configure:4445: $? = 0
configure:4452: result: yes
configure:4461: checking return type of signal handlers
configure:4479: gcc -c -g -O2  conftest.c >&5
conftest.c:26:8: error: indirection requires pointer operand ('void' invalid)
return *(signal (0, 0)) (0) == 1;
       ^~~~~~~~~~~~~~~~~~~~
1 error generated.
configure:4479: $? = 1
configure: failed program was:
| /* confdefs.h */
| #define PACKAGE_NAME ""
| #define PACKAGE_TARNAME ""
| #define PACKAGE_VERSION ""
| #define PACKAGE_STRING ""
| #define PACKAGE_BUGREPORT ""
| #define PACKAGE_URL ""
| #define SCAN_BEAM 1
| #define LM_FIX_DOUBLE_SCORING 1
| #define ENABLE_PLUGIN 1
| #define CONFIDENCE_MEASURE 1
| #define GRAPHOUT_DYNAMIC 1
| #define GRAPHOUT_SEARCH 1
| #define UNIGRAM_FACTORING 1
| #define PASS1_IWCD 1
| #define LOWMEM2 1
| #define GPRUNE_DEFAULT_BEAM 1
| #define STDC_HEADERS 1
| /* end confdefs.h.  */
| #include <sys/types.h>
| #include <signal.h>
| 
| int
| main ()
| {
| return *(signal (0, 0)) (0) == 1;
|   ;
|   return 0;
| }
configure:4486: result: void
configure:4531: checking for POSIX thread library in -lpthread
configure:4546: gcc -o conftest -g -O2   conftest.c  -lpthread >&5
configure:4546: $? = 0
configure:4558: result: "yes"
configure:4564: checking for dlopen
configure:4564: gcc -o conftest -g -O2   conftest.c  -lpthread >&5
configure:4564: $? = 0
configure:4564: result: yes
configure:4624: checking for sys/types.h
configure:4624: gcc -c -g -O2  -I. conftest.c >&5
configure:4624: $? = 0
configure:4624: result: yes
configure:4624: checking for sys/stat.h
configure:4624: gcc -c -g -O2  -I. conftest.c >&5
configure:4624: $? = 0
configure:4624: result: yes
configure:4624: checking for stdlib.h
configure:4624: gcc -c -g -O2  -I. conftest.c >&5
configure:4624: $? = 0
configure:4624: result: yes
configure:4624: checking for string.h
configure:4624: gcc -c -g -O2  -I. conftest.c >&5
configure:4624: $? = 0
configure:4624: result: yes
configure:4624: checking for memory.h
configure:4624: gcc -c -g -O2  -I. conftest.c >&5
configure:4624: $? = 0
configure:4624: result: yes
configure:4624: checking for strings.h
configure:4624: gcc -c -g -O2  -I. conftest.c >&5
configure:4624: $? = 0
configure:4624: result: yes
configure:4624: checking for inttypes.h
configure:4624: gcc -c -g -O2  -I. conftest.c >&5
configure:4624: $? = 0
configure:4624: result: yes
configure:4624: checking for stdint.h
configure:4624: gcc -c -g -O2  -I. conftest.c >&5
configure:4624: $? = 0
configure:4624: result: yes
configure:4624: checking for unistd.h
configure:4624: gcc -c -g -O2  -I. conftest.c >&5
configure:4624: $? = 0
configure:4624: result: yes
configure:4636: checking libfvad/libfvad/include/fvad.h usability
configure:4636: gcc -c -g -O2  -I. conftest.c >&5
configure:4636: $? = 0
configure:4636: result: yes
configure:4636: checking libfvad/libfvad/include/fvad.h presence
configure:4636: gcc -E  -I. conftest.c
configure:4636: $? = 0
configure:4636: result: yes
configure:4636: checking for libfvad/libfvad/include/fvad.h
configure:4636: result: yes
configure:4795: creating ./config.status

## ---------------------- ##
## Running config.status. ##
## ---------------------- ##

This file was extended by config.status, which was
generated by GNU Autoconf 2.69.  Invocation command line was

  CONFIG_FILES    = 
  CONFIG_HEADERS  = 
  CONFIG_LINKS    = 
  CONFIG_COMMANDS = 
  $ ./config.status 

on Tsukasa.local

config.status:857: creating Makefile
config.status:857: creating libjulius-config
config.status:857: creating libjulius-config-dist
config.status:857: creating julius-4.pc
config.status:857: creating doxygen.conf.ver
config.status:857: creating include/julius/config.h
config.status:1032: include/julius/config.h is unchanged
config.status:1046: executing default-1 commands

## ---------------- ##
## Cache variables. ##
## ---------------- ##

ac_cv_build=i386-apple-darwin18.2.0
ac_cv_c_compiler_gnu=yes
ac_cv_c_const=yes
ac_cv_env_CC_set=
ac_cv_env_CC_value=
ac_cv_env_CFLAGS_set=
ac_cv_env_CFLAGS_value=
ac_cv_env_CPPFLAGS_set=
ac_cv_env_CPPFLAGS_value=
ac_cv_env_CPP_set=
ac_cv_env_CPP_value=
ac_cv_env_LDFLAGS_set=
ac_cv_env_LDFLAGS_value=
ac_cv_env_LIBS_set=
ac_cv_env_LIBS_value=
ac_cv_env_build_alias_set=
ac_cv_env_build_alias_value=
ac_cv_env_host_alias_set=
ac_cv_env_host_alias_value=
ac_cv_env_target_alias_set=
ac_cv_env_target_alias_value=
ac_cv_func_dlopen=yes
ac_cv_header_inttypes_h=yes
ac_cv_header_libfvad_libfvad_include_fvad_h=yes
ac_cv_header_memory_h=yes
ac_cv_header_stdc=yes
ac_cv_header_stdint_h=yes
ac_cv_header_stdlib_h=yes
ac_cv_header_string_h=yes
ac_cv_header_strings_h=yes
ac_cv_header_sys_stat_h=yes
ac_cv_header_sys_types_h=yes
ac_cv_header_unistd_h=yes
ac_cv_host=i386-apple-darwin18.2.0
ac_cv_objext=o
ac_cv_path_EGREP='/usr/bin/grep -E'
ac_cv_path_GREP=/usr/bin/grep
ac_cv_path_RM=/bin/rm
ac_cv_path_install='/usr/bin/install -c'
ac_cv_prog_CPP='gcc -E'
ac_cv_prog_ac_ct_AR=ar
ac_cv_prog_ac_ct_CC=gcc
ac_cv_prog_ac_ct_RANLIB=ranlib
ac_cv_prog_cc_c89=
ac_cv_prog_cc_g=yes
ac_cv_type_signal=void
am_cv_ar_interface=ar

## ----------------- ##
## Output variables. ##
## ----------------- ##

AR='ar'
ARFLAGS='cr'
CC='gcc'
CFLAGS='-g -O2'
CPP='gcc -E'
CPPFLAGS=''
DEFS='-DHAVE_CONFIG_H'
ECHO_C='\c'
ECHO_N=''
ECHO_T=''
EGREP='/usr/bin/grep -E'
EXEEXT=''
EXTRAOBJ=' libfvad/libfvad/src/fvad.o libfvad/libfvad/src/signal_processing/division_operations.o libfvad/libfvad/src/signal_processing/energy.o libfvad/libfvad/src/signal_processing/get_scaling_square.o libfvad/libfvad/src/signal_processing/resample_48khz.o libfvad/libfvad/src/signal_processing/resample_by_2_internal.o libfvad/libfvad/src/signal_processing/resample_fractional.o libfvad/libfvad/src/signal_processing/spl_inl.o libfvad/libfvad/src/vad/vad_core.o libfvad/libfvad/src/vad/vad_filterbank.o libfvad/libfvad/src/vad/vad_gmm.o libfvad/libfvad/src/vad/vad_sp.o'
GREP='/usr/bin/grep'
INSTALL_DATA='${INSTALL} -m 644'
INSTALL_PROGRAM='${INSTALL}'
INSTALL_SCRIPT='${INSTALL}'
JULIUS_MAJOR_VERSION='4'
JULIUS_MINOR_VERSION='5'
JULIUS_PRODUCTNAME='JuliusLib'
JULIUS_VERSION='4.5'
LDFLAGS=''
LIBOBJS=''
LIBS=' -lpthread'
LTLIBOBJS=''
OBJEXT='o'
PACKAGE_BUGREPORT=''
PACKAGE_NAME=''
PACKAGE_STRING=''
PACKAGE_TARNAME=''
PACKAGE_URL=''
PACKAGE_VERSION=''
PATH_SEPARATOR=':'
RANLIB='ranlib'
RM='/bin/rm'
SHELL='/bin/sh'
ac_ct_AR='ar'
ac_ct_CC='gcc'
bindir='${exec_prefix}/bin'
build='i386-apple-darwin18.2.0'
build_alias=''
build_cpu='i386'
build_os='darwin18.2.0'
build_vendor='apple'
datadir='${datarootdir}'
datarootdir='${prefix}/share'
docdir='${datarootdir}/doc/${PACKAGE}'
dvidir='${docdir}'
easy_setup='fast'
exec_prefix='${prefix}'
host='i386-apple-darwin18.2.0'
host_alias=''
host_cpu='i386'
host_os='darwin18.2.0'
host_vendor='apple'
htmldir='${docdir}'
includedir='${prefix}/include'
infodir='${datarootdir}/info'
libdir='${exec_prefix}/lib'
libexecdir='${exec_prefix}/libexec'
localedir='${datarootdir}/locale'
localstatedir='${prefix}/var'
mandir='${datarootdir}/man'
oldincludedir='/usr/include'
pdfdir='${docdir}'
prefix='/usr/local'
program_transform_name='s,x,x,'
psdir='${docdir}'
runstatedir='${localstatedir}/run'
sbindir='${exec_prefix}/sbin'
sharedstatedir='${prefix}/com'
sysconfdir='${prefix}/etc'
target_alias=''

## ----------- ##
## confdefs.h. ##
## ----------- ##

/* confdefs.h */
#define PACKAGE_NAME ""
#define PACKAGE_TARNAME ""
#define PACKAGE_VERSION ""
#define PACKAGE_STRING ""
#define PACKAGE_BUGREPORT ""
#define PACKAGE_URL ""
#define SCAN_BEAM 1
#define LM_FIX_DOUBLE_SCORING 1
#define ENABLE_PLUGIN 1
#define CONFIDENCE_MEASURE 1
#define GRAPHOUT_DYNAMIC 1
#define GRAPHOUT_SEARCH 1
#define UNIGRAM_FACTORING 1
#define PASS1_IWCD 1
#define LOWMEM2 1
#define GPRUNE_DEFAULT_BEAM 1
#define STDC_HEADERS 1
#define RETSIGTYPE void
#define HAVE_PTHREAD 1
#define HAVE_SYS_TYPES_H 1
#define HAVE_SYS_STAT_H 1
#define HAVE_STDLIB_H 1
#define HAVE_STRING_H 1
#define HAVE_MEMORY_H 1
#define HAVE_STRINGS_H 1
#define HAVE_INTTYPES_H 1
#define HAVE_STDINT_H 1
#define HAVE_UNISTD_H 1
#define HAVE_LIBFVAD 1
#define JULIUS_PRODUCTNAME "JuliusLib"
#define JULIUS_VERSION "4.5"
#define JULIUS_SETUP "fast"
#define JULIUS_HOSTINFO "i386-apple-darwin18.2.0"
#define JULIUS_BUILD_INFO "gcc -g -O2"

configure: exit 0
